--- New Annotation Batch ---
[DEBUG] Received 10 annotations for matching.
--- New Annotation Batch (Size: 10) ---
[MATCH-SUB] 'drinkin every night because we drink to my accomplishments' == 'drinkin every night because we...'
[MATCH-SUB] 'faded way too long im floatin in and out of consciousness' == 'faded way too long im floatin ...'
[MATCH-FUZZY] (0.92) 'and they say that im back id agree with that' ~= 'and they sayin im back id agre...'
[MATCH-SUB] 'i just take my time with all this shit i still believe in that' == 'i just take my time with all t...'
[MISS-CLOSE] Ratio: 0.33 | Line: 'i had someone tell me i fell off ooh i needed that' | Frag: 'i just take my time with all t...'
[MISS-CLOSE] Ratio: 0.33 | Line: 'i had someone tell me i fell off ooh i needed that' | Frag: 'and they sayin im back id agre...'
[MATCH-SUB] 'i had someone tell me i fell off ooh i needed that' == 'i had someone tell me i fell o...'
[MISS-CLOSE] Ratio: 0.45 | Line: 'i know i exaggerated things now i got it like that' | Frag: 'when they get my shit and play...'
[MISS-CLOSE] Ratio: 0.36 | Line: 'i know i exaggerated things now i got it like that' | Frag: 'i just take my time with all t...'
[MISS-CLOSE] Ratio: 0.36 | Line: 'i know i exaggerated things now i got it like that' | Frag: 'and they sayin im back id agre...'
[MISS-CLOSE] Ratio: 0.36 | Line: 'i know i exaggerated things now i got it like that' | Frag: 'i had someone tell me i fell o...'
[MISS-CLOSE] Ratio: 0.36 | Line: 'i know i exaggerated things now i got it like that' | Frag: 'i guess it really is just me m...'
[MISS-CLOSE] Ratio: 0.55 | Line: 'i know i exaggerated things now i got it like that' | Frag: 'cause i live for this it isnt ...'
[MATCH-SUB] 'tuck my napkin in my shirt cause im just mobbin like that' == 'tuck my napkin in my shirt cau...'
[MISS-CLOSE] Ratio: 0.42 | Line: 'you know good and well that you dont wanna problem like that' | Frag: 'you gon make someone around me...'
[MISS-CLOSE] Ratio: 0.33 | Line: 'you know good and well that you dont wanna problem like that' | Frag: 'that new shit that you got is ...'
[MATCH-SUB] 'you gon make someone around me catch a body like that' == 'you gon make someone around me...'
[MISS-CLOSE] Ratio: 0.31 | Line: 'cause one of us goes in and we all go through it ayy' | Frag: 'drinkin every night because we...'
[MATCH-FUZZY] (0.60) 'those my brothers i aint even gotta say it' ~= 'when they get my shit and play...'
[MISS-CLOSE] Ratio: 0.40 | Line: 'thats just somethin they know' | Frag: 'they know they know they know...'
[MISS-CLOSE] Ratio: 0.40 | Line: 'thats just somethin they know' | Frag: 'they know they know they know...'
[MISS-CLOSE] Ratio: 0.40 | Line: 'thats just somethin they know' | Frag: 'they know they know they know...'
[MISS-CLOSE] Ratio: 0.40 | Line: 'thats just somethin they know' | Frag: 'yeah they know yeah...'
[MISS-CLOSE] Ratio: 0.40 | Line: 'thats just somethin they know' | Frag: 'they know they know they know ...'
[MISS-CLOSE] Ratio: 0.40 | Line: 'thats just somethin they know' | Frag: 'when they get my shit and play...'
[MISS-CLOSE] Ratio: 0.40 | Line: 'thats just somethin they know' | Frag: 'and they sayin im back id agre...'
[MATCH-SUB] 'they know they know they know' == 'they know they know they know...'
[MATCH-SUB] 'they know they know they know' == 'they know they know they know...'
[MATCH-SUB] 'they know they know they know' == 'they know they know they know...'
[MISS-CLOSE] Ratio: 0.50 | Line: 'yeah they know yeah' | Frag: 'they know they know they know...'
[MISS-CLOSE] Ratio: 0.50 | Line: 'yeah they know yeah' | Frag: 'they know they know they know...'
[MISS-CLOSE] Ratio: 0.50 | Line: 'yeah they know yeah' | Frag: 'they know they know they know...'
[MATCH-SUB] 'yeah they know yeah' == 'yeah they know yeah...'
[MISS-CLOSE] Ratio: 0.40 | Line: 'now its somethin they know' | Frag: 'they know they know they know...'
[MISS-CLOSE] Ratio: 0.40 | Line: 'now its somethin they know' | Frag: 'they know they know they know...'
[MISS-CLOSE] Ratio: 0.40 | Line: 'now its somethin they know' | Frag: 'they know they know they know...'
[MISS-CLOSE] Ratio: 0.40 | Line: 'now its somethin they know' | Frag: 'yeah they know yeah...'
[MISS-CLOSE] Ratio: 0.40 | Line: 'now its somethin they know' | Frag: 'they know they know they know ...'
[MISS-CLOSE] Ratio: 0.40 | Line: 'now its somethin they know' | Frag: 'when they get my shit and play...'
[MATCH-SUB] 'they know they know they know' == 'they know they know they know...'
[MATCH-SUB] 'yeah' == 'yeah they know yeah...'
[MISS-CLOSE] Ratio: 0.33 | Line: 'if they dont get it theyll be over you' | Frag: 'when they get my shit and play...'
[MISS-CLOSE] Ratio: 0.38 | Line: 'that new shit that you got is overdue' | Frag: 'you gon make someone around me...'
[MATCH-SUB] 'that new shit that you got is overdue' == 'that new shit that you got is ...'
[MISS-CLOSE] Ratio: 0.38 | Line: 'im like why i gotta be all that' | Frag: 'tuck my napkin in my shirt cau...'
[MISS-CLOSE] Ratio: 0.38 | Line: 'im like why i gotta be all that' | Frag: 'i just take my time with all t...'
[MISS-CLOSE] Ratio: 0.50 | Line: 'im like why i gotta be all that' | Frag: 'and they sayin im back id agre...'
[MISS-CLOSE] Ratio: 0.38 | Line: 'im like why i gotta be all that' | Frag: 'cause i live for this it isnt ...'
[MISS-CLOSE] Ratio: 0.33 | Line: 'i guess it really is just me myself and all my millions' | Frag: 'when they get my shit and play...'
[MISS-CLOSE] Ratio: 0.33 | Line: 'i guess it really is just me myself and all my millions' | Frag: 'i just take my time with all t...'
[MISS-CLOSE] Ratio: 0.42 | Line: 'i guess it really is just me myself and all my millions' | Frag: 'and they sayin im back id agre...'
[MATCH-SUB] 'i guess it really is just me myself and all my millions' == 'i guess it really is just me m...'
[MISS-CLOSE] Ratio: 0.40 | Line: 'you know that they aint even got it like that' | Frag: 'you gon make someone around me...'
[MISS-CLOSE] Ratio: 0.50 | Line: 'you know that they aint even got it like that' | Frag: 'when they get my shit and play...'
[MISS-CLOSE] Ratio: 0.40 | Line: 'you know that they aint even got it like that' | Frag: 'that new shit that you got is ...'
[MISS-CLOSE] Ratio: 0.40 | Line: 'you know that they aint even got it like that' | Frag: 'cause i live for this it isnt ...'
[MATCH-FUZZY] (0.72) 'you gon hype me up and make me catch a body like that' ~= 'you gon make someone around me...'
[MISS-CLOSE] Ratio: 0.33 | Line: 'cause i live for this it isnt just a hobby like that' | Frag: 'tuck my napkin in my shirt cau...'
[MISS-CLOSE] Ratio: 0.33 | Line: 'cause i live for this it isnt just a hobby like that' | Frag: 'i just take my time with all t...'
[MISS-CLOSE] Ratio: 0.33 | Line: 'cause i live for this it isnt just a hobby like that' | Frag: 'and they sayin im back id agre...'
[MATCH-SUB] 'cause i live for this it isnt just a hobby like that' == 'cause i live for this it isnt ...'
[MATCH-SUB] 'when they get my shit and play it' == 'when they get my shit and play...'
[MATCH-SUB] 'i aint even gotta say it they know' == 'when they get my shit and play...'
[MATCH-SUB] 'they know they know they know' == 'they know they know they know...'
[MATCH-SUB] 'they know they know they know' == 'they know they know they know...'
[MATCH-SUB] 'they know they know they know' == 'they know they know they know...'
[MATCH-SUBSET] (0.67) 'yeah they know' in 'they know they know they know...'
[MISS-CLOSE] Ratio: 0.40 | Line: 'now its somethin they know' | Frag: 'they know they know they know...'
[MISS-CLOSE] Ratio: 0.40 | Line: 'now its somethin they know' | Frag: 'they know they know they know...'
[MISS-CLOSE] Ratio: 0.40 | Line: 'now its somethin they know' | Frag: 'they know they know they know...'
[MISS-CLOSE] Ratio: 0.40 | Line: 'now its somethin they know' | Frag: 'yeah they know yeah...'
[MISS-CLOSE] Ratio: 0.40 | Line: 'now its somethin they know' | Frag: 'they know they know they know ...'
[MISS-CLOSE] Ratio: 0.40 | Line: 'now its somethin they know' | Frag: 'when they get my shit and play...'
[MATCH-SUB] 'they know they know they know' == 'they know they know they know...'
[MISS-CLOSE] Ratio: 0.50 | Line: 'tell em i apologize' | Frag: 'i had someone tell me i fell o...'
[MISS-CLOSE] Ratio: 0.33 | Line: 'it happened over time time timetime' | Frag: 'i just take my time with all t...'
[MISS-CLOSE] Ratio: 0.33 | Line: 'it happened over time time timetime' | Frag: 'and they sayin im back id agre...'
[MATCH-SUB] 'they know' == 'they know they know they know...'
[MATCH-SUB] 'they know they know they know' == 'they know they know they know...'
[MATCH-SUB] 'they know they know they know' == 'they know they know they know...'
[MATCH-SUB] 'they know they know they know' == 'they know they know they know...'
[MATCH-FUZZY] (0.58) 'yeah yeah yeah yeah' ~= 'yeah they know yeah...'
--- New Annotation Batch (Size: 6) ---
[MISS-CLOSE] Ratio: 0.50 | Line: 'nana yeah' | Frag: 'yeah i broke your heart like s...'
[MATCH-SUB] 'i saw you dancing in a crowded room uh' == 'i saw you dancing in a crowded...'
[MISS-CLOSE] Ratio: 0.33 | Line: 'you look so happy when im not with you' | Frag: 'i make you cry when i run away...'
[MISS-CLOSE] Ratio: 0.33 | Line: 'you look so happy when im not with you' | Frag: 'i dont know why i run away i m...'
[MATCH-SUB] 'you look so happy when im not with you' == 'you look so happy when im not ...'
[MISS-CLOSE] Ratio: 0.33 | Line: 'but then you saw me caught you by surprise' | Frag: 'i saw you dancing in a crowded...'
[MATCH-SUB] 'but then you saw me caught you by surprise' == 'but then you saw me caught you...'
[MATCH-SUB] 'a single teardrop falling from your eye' == 'a single teardrop falling from...'
[MATCH-SUB] 'i dont know why i run away ohoh ohohoh' == 'i dont know why i run away...'
[MATCH-FUZZY] (0.81) 'ill make you cry when i run away ohoh ohohoh' ~= 'i make you cry when i run away...'
[MATCH-SUB] 'save your tears for another' == 'save your tears for another...'
[MATCH-SUB] 'save your tears for another day ohoh ohohoh' == 'save your tears for another...'
[MATCH-SUB] 'save your tears for another day mm' == 'save your tears for another...'
[MISS-CLOSE] Ratio: 0.33 | Line: 'i kept my distance cause i know that you' | Frag: 'i said some things that i shou...'
[MISS-CLOSE] Ratio: 0.33 | Line: 'i kept my distance cause i know that you' | Frag: 'i dont know why i run away...'
[MISS-CLOSE] Ratio: 0.33 | Line: 'i kept my distance cause i know that you' | Frag: 'i make you cry when i run away...'
[MISS-CLOSE] Ratio: 0.44 | Line: 'i kept my distance cause i know that you' | Frag: 'i dont know why i run away i m...'
[MISS-CLOSE] Ratio: 0.33 | Line: 'i kept my distance cause i know that you' | Frag: 'i saw you dancing in a crowded...'
[MISS-CLOSE] Ratio: 0.33 | Line: 'i kept my distance cause i know that you' | Frag: 'i saw you dancing in a crowded...'
[MISS-CLOSE] Ratio: 0.33 | Line: 'i kept my distance cause i know that you' | Frag: 'i realize that im much too lat...'
[MISS-CLOSE] Ratio: 0.43 | Line: 'dont like when im with nobody else' | Frag: 'you look so happy when im not ...'
[MISS-CLOSE] Ratio: 0.43 | Line: 'dont like when im with nobody else' | Frag: 'i saw you dancing in a crowded...'
[MISS-CLOSE] Ratio: 0.33 | Line: 'i couldnt help it i put you through hell' | Frag: 'i make you cry when i run away...'
[MISS-CLOSE] Ratio: 0.33 | Line: 'i couldnt help it i put you through hell' | Frag: 'i dont know why i run away i m...'
[MISS-CLOSE] Ratio: 0.33 | Line: 'i couldnt help it i put you through hell' | Frag: 'i saw you dancing in a crowded...'
[MISS-CLOSE] Ratio: 0.33 | Line: 'i couldnt help it i put you through hell' | Frag: 'i saw you dancing in a crowded...'
[MATCH-SUB] 'i dont know why i run away oh boy run away ohoh ohohoh' == 'i dont know why i run away...'
[MISS-CLOSE] Ratio: 0.36 | Line: 'ill make you cry when i run away away ohoh ohohoh' | Frag: 'i dont know why i run away...'
[MATCH-FUZZY] (0.76) 'ill make you cry when i run away away ohoh ohohoh' ~= 'i make you cry when i run away...'
[MATCH-SUB] 'save your tears for another' == 'save your tears for another...'
[MATCH-FUZZY] (0.95) 'i realize that its much too late' ~= 'i realize that im much too lat...'
[MATCH-SUB] 'save your tears for another day ohoh ohohoh' == 'save your tears for another...'
[MATCH-SUB] 'save your tears for another day ohoh ohohoh' == 'save your tears for another...'
[MATCH-SUB] 'i dont know why i run away' == 'i dont know why i run away...'
[MATCH-FUZZY] (0.57) 'ill make you cry when i run away save' ~= 'i dont know why i run away...'
[MATCH-SUB] 'save your tears for another day ooh' == 'save your tears for another...'
[MATCH-FUZZY] (0.67) 'save save your your tears for another day oh yeah yeah' ~= 'save your tears for another...'
[MATCH-SUB] 'save your tears for another day ohoh ohohoh' == 'save your tears for another...'
[MATCH-SUB] 'save your tears for another day ohoh ohohoh' == 'save your tears for another...'
[MATCH-SUB] 'save your tears for another day' == 'save your tears for another...'
--- New Annotation Batch (Size: 18) ---
[MATCH-SUB] 'you are the light' == 'you are the light...'
[MATCH-SUB] 'its not on you its in you' == 'its not on you its in you...'
[MATCH-SUB] 'dont you ever in your motherfucking life' == 'dont you ever in your motherfu...'
[MATCH-SUB] 'dim your light for nobody' == 'dont you ever in your motherfu...'
[MATCH-SUB] 'chromakopia' == 'blow shit up at home back in c...'
[MATCH-SUB] 'chromakopia' == 'blow shit up at home back in c...'
[MATCH-SUB] 'chromakopia' == 'blow shit up at home back in c...'
[MATCH-SUB] 'chromakopia' == 'blow shit up at home back in c...'
[MATCH-SUB] 'chromakopia' == 'blow shit up at home back in c...'
[MATCH-SUB] 'chromakopia' == 'blow shit up at home back in c...'
[MATCH-SUB] 'chromakopia' == 'blow shit up at home back in c...'
[MATCH-SUB] 'chromakopia' == 'blow shit up at home back in c...'
[MATCH-SUB] 'chromako' == 'blow shit up at home back in c...'
[MATCH-SUB] 'calm down sit still thats one mil for each wheel' == 'calm down sit still thats one ...'
[MATCH-SUB] 'top down big deal how the fuck he do that' == 'top down big deal how the fuck...'
[MATCH-SUB] 'what the fuck i look like get the fuck up out him way' == 'what the fuck i look like get ...'
[MATCH-SUB] 'hawthorne is where him from another planet where him stay' == 'hawthorne is where him from an...'
[MATCH-FUZZY] (0.81) '15 cash for that new fort i had guap since 19' ~= 'fifteen cash for that new fort...'
[MISS-CLOSE] Ratio: 0.31 | Line: 'i popped out like chi ching i think im a got damn fiend' | Frag: 'what the fuck i look like get ...'
[MISS-CLOSE] Ratio: 0.38 | Line: 'i popped out like chi ching i think im a got damn fiend' | Frag: 'i dont i dont like the like th...'
[MISS-CLOSE] Ratio: 0.38 | Line: 'i popped out like chi ching i think im a got damn fiend' | Frag: 'im gon make it out promise im ...'
[MISS-CLOSE] Ratio: 0.36 | Line: 'really balling in this bitch im the hardest in this bitch' | Frag: 'i dont i dont like the like th...'
[MATCH-FUZZY] (0.99) 'really balling in this bitch im the hardest in this bitch' ~= 'really ballin in this bitch im...'
[MISS-CLOSE] Ratio: 0.31 | Line: 'give a fuck about no bark im chasing dogs up in this bitch' | Frag: 'i dont i dont like the like th...'
[MISS-CLOSE] Ratio: 0.31 | Line: 'give a fuck about no bark im chasing dogs up in this bitch' | Frag: 'really ballin in this bitch im...'
[MATCH-FUZZY] (0.99) 'give a fuck about no bark im chasing dogs up in this bitch' ~= 'give a fuck about no bark im c...'
[MATCH-SUB] 'el segundo felt like colosseum' == 'el segundo felt like colosseum...'
[MISS-CLOSE] Ratio: 0.31 | Line: 'p said i could do it too and boy did i believe him' | Frag: 'and if i ever told you that i ...'
[MISS-CLOSE] Ratio: 0.38 | Line: 'p said i could do it too and boy did i believe him' | Frag: 'im gon make it out promise im ...'
[MATCH-SUB] 'p said i could do it too and boy did i believe him' == 'p said i could do it too and b...'
[MATCH-FUZZY] (0.98) 'i built a path to freedom cause them words that he said' ~= 'i built a path of freedom caus...'
[MATCH-FUZZY] (0.58) 'give a fuck about traditions stop impressing the dead' ~= 'give a fuck about no bark im c...'
[MATCH-FUZZY] (0.95) 'im gon make it promise im gon make it out' ~= 'im gon make it out promise im ...'
[MATCH-FUZZY] (0.86) 'mama im gon make it out pussy im gon make it out' ~= 'im gon make it out promise im ...'
[MATCH-SUB] 'i aint never had a doubt inside me' == 'i aint never had a doubt insid...'
[MISS-CLOSE] Ratio: 0.35 | Line: 'and if i ever told you that i did im fucking lying can you feel the light' | Frag: 'can you feel the light inside...'
[MISS-CLOSE] Ratio: 0.35 | Line: 'and if i ever told you that i did im fucking lying can you feel the light' | Frag: 'can you feel the light inside ...'
[MISS-CLOSE] Ratio: 0.41 | Line: 'and if i ever told you that i did im fucking lying can you feel the light' | Frag: 'can you feel the light inside ...'
[MATCH-FUZZY] (0.99) 'and if i ever told you that i did im fucking lying can you feel the light' ~= 'and if i ever told you that i ...'
[MATCH-FUZZY] (0.65) 'can you feel the light inside' ~= 'you are the light...'
[MATCH-SUBSET] (0.64) 'can you feel that fire can you feel it can you feel it oh' in 'can you feel the light inside...'
[MISS-CLOSE] Ratio: 0.46 | Line: 'oh fire can you feel it can you feel it ooh oh fire' | Frag: 'can you feel the light inside...'
[MATCH-FUZZY] (0.78) 'oh fire can you feel it can you feel it ooh oh fire' ~= 'can you feel that fire can you...'
[MATCH-FUZZY] (0.57) 'can you feel the light inside inside' ~= 'you are the light...'
[MATCH-FUZZY] (0.57) 'can you feel that fire can you feel it' ~= 'can you feel the light inside...'
[MATCH-SUBSET] (0.80) 'oh fire fire fire ooh' in 'can you feel that fire can you...'
[MISS-CLOSE] Ratio: 0.33 | Line: 'chromakopia yeah yeah' | Frag: 'blow shit up at home back in c...'
[MISS-CLOSE] Ratio: 0.33 | Line: 'chromakopia yeah yeah' | Frag: 'mama said im mhm special i was...'
[MATCH-FUZZY] (0.64) 'chromakopia yeah yeah' ~= 'chromakopia chromakopia...'
[MISS-CLOSE] Ratio: 0.50 | Line: 'chromakopia whoo' | Frag: 'blow shit up at home back in c...'
[MISS-CLOSE] Ratio: 0.50 | Line: 'chromakopia whoo' | Frag: 'mama said im mhm special i was...'
[MATCH-FUZZY] (0.77) 'chromakopia whoo' ~= 'chromakopia chromakopia...'
[MISS-CLOSE] Ratio: 0.33 | Line: 'chromakopia yeah yeah' | Frag: 'blow shit up at home back in c...'
[MISS-CLOSE] Ratio: 0.33 | Line: 'chromakopia yeah yeah' | Frag: 'mama said im mhm special i was...'
[MATCH-FUZZY] (0.64) 'chromakopia yeah yeah' ~= 'chromakopia chromakopia...'
[MATCH-SUB] 'chromakopia' == 'blow shit up at home back in c...'
[MISS-CLOSE] Ratio: 0.38 | Line: 'okay i am just a box with the light of thunder in me' | Frag: 'i just need this time to mysel...'
[MISS-CLOSE] Ratio: 0.38 | Line: 'okay i am just a box with the light of thunder in me' | Frag: 'im gon make it out promise im ...'
[MISS-CLOSE] Ratio: 0.31 | Line: 'okay i am just a box with the light of thunder in me' | Frag: 'p said i could do it too and b...'
[MATCH-SUB] 'gratitude sit under the hubris thats on my sleeve' == 'gratitude sit under the hubris...'
[MATCH-FUZZY] (0.85) 'mama said im hmmm mm special i was hmm mm' ~= 'mama said im mhm special i was...'
[MATCH-FUZZY] (0.89) 'blowing shit up at home back in chromakopia hmmm hmmm' ~= 'blow shit up at home back in c...'
[MISS-CLOSE] Ratio: 0.50 | Line: 'i dont i dont like the like the way that this is looking no' | Frag: 'what the fuck i look like get ...'
[MATCH-FUZZY] (0.99) 'i dont i dont like the like the way that this is looking no' ~= 'i dont i dont like the like th...'
[MATCH-FUZZY] (0.99) 'mirror got me got me thinking about my bookend im done' ~= 'mirror got me got me thinkin a...'
[MATCH-FUZZY] (0.99) 'i just need this time to myself to figure me out out' ~= 'i just need this time to mysel...'
[MISS-CLOSE] Ratio: 0.33 | Line: 'do i keep the light on or do i gracefully bow out' | Frag: 'what the fuck i look like get ...'
[MATCH-SUB] 'do i keep the light on or do i gracefully bow out' == 'do i keep the light on or do i...'
[MISS-CLOSE] Ratio: 0.50 | Line: 'you see me bro' | Frag: 'im gon make it out promise im ...'
[MATCH-SUBSET] (1.00) 'oh oh oh oh' in 'can you feel that fire can you...'
[MATCH-SUBSET] (1.00) 'oh oh oh oh' in 'can you feel that fire can you...'
[MISS-CLOSE] Ratio: 0.33 | Line: 'dont you ever stop bein who you are oh oh oh oh' | Frag: 'dont you ever in your motherfu...'
[MISS-CLOSE] Ratio: 0.42 | Line: 'dont you ever stop bein who you are oh oh oh oh' | Frag: 'you are the light its not on y...'
[MISS-CLOSE] Ratio: 0.50 | Line: 'dont you ever stop bein who you are oh oh oh oh' | Frag: 'can you feel that fire can you...'
[MISS-CLOSE] Ratio: 0.50 | Line: 'dont you ever stop bein who you are oh oh oh oh' | Frag: 'oh fire can you feel it can yo...'
[MISS-CLOSE] Ratio: 0.33 | Line: 'dont you ever stop bein who you are oh oh oh oh' | Frag: 'oh fire fire fire ooh...'
[MISS-CLOSE] Ratio: 0.50 | Line: 'dont you ever stop bein who you are oh oh oh oh' | Frag: 'can you feel the light inside ...'
[MATCH-FUZZY] (0.65) 'can you feel the light inside' ~= 'you are the light...'
[MATCH-FUZZY] (0.60) 'can you feel that fire oh oh oh oh' ~= 'can you feel the light inside...'
[MATCH-SUBSET] (1.00) 'fire oh oh oh oh' in 'can you feel that fire can you...'
[MATCH-SUB] 'fire' == 'can you feel that fire can you...'
[MATCH-FUZZY] (0.65) 'can you feel the light inside' ~= 'you are the light...'
[MATCH-FUZZY] (0.60) 'can you feel that fire oh oh oh oh' ~= 'can you feel the light inside...'
--- New Annotation Batch (Size: 10) ---
[MATCH-SUB] 'drinkin every night because we drink to my accomplishments' == 'drinkin every night because we...'
[MATCH-SUB] 'faded way too long im floatin in and out of consciousness' == 'faded way too long im floatin ...'
[MATCH-FUZZY] (0.92) 'and they say that im back id agree with that' ~= 'and they sayin im back id agre...'
[MATCH-SUB] 'i just take my time with all this shit i still believe in that' == 'i just take my time with all t...'
[MISS-CLOSE] Ratio: 0.33 | Line: 'i had someone tell me i fell off ooh i needed that' | Frag: 'i just take my time with all t...'
[MISS-CLOSE] Ratio: 0.33 | Line: 'i had someone tell me i fell off ooh i needed that' | Frag: 'and they sayin im back id agre...'
[MATCH-SUB] 'i had someone tell me i fell off ooh i needed that' == 'i had someone tell me i fell o...'
[MISS-CLOSE] Ratio: 0.45 | Line: 'i know i exaggerated things now i got it like that' | Frag: 'when they get my shit and play...'
[MISS-CLOSE] Ratio: 0.36 | Line: 'i know i exaggerated things now i got it like that' | Frag: 'i just take my time with all t...'
[MISS-CLOSE] Ratio: 0.36 | Line: 'i know i exaggerated things now i got it like that' | Frag: 'and they sayin im back id agre...'
[MISS-CLOSE] Ratio: 0.36 | Line: 'i know i exaggerated things now i got it like that' | Frag: 'i had someone tell me i fell o...'
[MISS-CLOSE] Ratio: 0.36 | Line: 'i know i exaggerated things now i got it like that' | Frag: 'i guess it really is just me m...'
[MISS-CLOSE] Ratio: 0.55 | Line: 'i know i exaggerated things now i got it like that' | Frag: 'cause i live for this it isnt ...'
[MATCH-SUB] 'tuck my napkin in my shirt cause im just mobbin like that' == 'tuck my napkin in my shirt cau...'
[MISS-CLOSE] Ratio: 0.42 | Line: 'you know good and well that you dont wanna problem like that' | Frag: 'you gon make someone around me...'
[MISS-CLOSE] Ratio: 0.33 | Line: 'you know good and well that you dont wanna problem like that' | Frag: 'that new shit that you got is ...'
[MATCH-SUB] 'you gon make someone around me catch a body like that' == 'you gon make someone around me...'
[MISS-CLOSE] Ratio: 0.31 | Line: 'cause one of us goes in and we all go through it ayy' | Frag: 'drinkin every night because we...'
[MATCH-FUZZY] (0.60) 'those my brothers i aint even gotta say it' ~= 'when they get my shit and play...'
[MISS-CLOSE] Ratio: 0.40 | Line: 'thats just somethin they know' | Frag: 'they know they know they know...'
[MISS-CLOSE] Ratio: 0.40 | Line: 'thats just somethin they know' | Frag: 'they know they know they know...'
[MISS-CLOSE] Ratio: 0.40 | Line: 'thats just somethin they know' | Frag: 'they know they know they know...'
[MISS-CLOSE] Ratio: 0.40 | Line: 'thats just somethin they know' | Frag: 'yeah they know yeah...'
[MISS-CLOSE] Ratio: 0.40 | Line: 'thats just somethin they know' | Frag: 'they know they know they know ...'
[MISS-CLOSE] Ratio: 0.40 | Line: 'thats just somethin they know' | Frag: 'when they get my shit and play...'
[MISS-CLOSE] Ratio: 0.40 | Line: 'thats just somethin they know' | Frag: 'and they sayin im back id agre...'
[MATCH-SUB] 'they know they know they know' == 'they know they know they know...'
[MATCH-SUB] 'they know they know they know' == 'they know they know they know...'
[MATCH-SUB] 'they know they know they know' == 'they know they know they know...'
[MISS-CLOSE] Ratio: 0.50 | Line: 'yeah they know yeah' | Frag: 'they know they know they know...'
[MISS-CLOSE] Ratio: 0.50 | Line: 'yeah they know yeah' | Frag: 'they know they know they know...'
[MISS-CLOSE] Ratio: 0.50 | Line: 'yeah they know yeah' | Frag: 'they know they know they know...'
[MATCH-SUB] 'yeah they know yeah' == 'yeah they know yeah...'
[MISS-CLOSE] Ratio: 0.40 | Line: 'now its somethin they know' | Frag: 'they know they know they know...'
[MISS-CLOSE] Ratio: 0.40 | Line: 'now its somethin they know' | Frag: 'they know they know they know...'
[MISS-CLOSE] Ratio: 0.40 | Line: 'now its somethin they know' | Frag: 'they know they know they know...'
[MISS-CLOSE] Ratio: 0.40 | Line: 'now its somethin they know' | Frag: 'yeah they know yeah...'
[MISS-CLOSE] Ratio: 0.40 | Line: 'now its somethin they know' | Frag: 'they know they know they know ...'
[MISS-CLOSE] Ratio: 0.40 | Line: 'now its somethin they know' | Frag: 'when they get my shit and play...'
[MATCH-SUB] 'they know they know they know' == 'they know they know they know...'
[MATCH-SUB] 'yeah' == 'yeah they know yeah...'
[MISS-CLOSE] Ratio: 0.33 | Line: 'if they dont get it theyll be over you' | Frag: 'when they get my shit and play...'
[MISS-CLOSE] Ratio: 0.38 | Line: 'that new shit that you got is overdue' | Frag: 'you gon make someone around me...'
[MATCH-SUB] 'that new shit that you got is overdue' == 'that new shit that you got is ...'
[MISS-CLOSE] Ratio: 0.38 | Line: 'im like why i gotta be all that' | Frag: 'tuck my napkin in my shirt cau...'
[MISS-CLOSE] Ratio: 0.38 | Line: 'im like why i gotta be all that' | Frag: 'i just take my time with all t...'
[MISS-CLOSE] Ratio: 0.50 | Line: 'im like why i gotta be all that' | Frag: 'and they sayin im back id agre...'
[MISS-CLOSE] Ratio: 0.38 | Line: 'im like why i gotta be all that' | Frag: 'cause i live for this it isnt ...'
[MISS-CLOSE] Ratio: 0.33 | Line: 'i guess it really is just me myself and all my millions' | Frag: 'when they get my shit and play...'
[MISS-CLOSE] Ratio: 0.33 | Line: 'i guess it really is just me myself and all my millions' | Frag: 'i just take my time with all t...'
[MISS-CLOSE] Ratio: 0.42 | Line: 'i guess it really is just me myself and all my millions' | Frag: 'and they sayin im back id agre...'
[MATCH-SUB] 'i guess it really is just me myself and all my millions' == 'i guess it really is just me m...'
[MISS-CLOSE] Ratio: 0.40 | Line: 'you know that they aint even got it like that' | Frag: 'you gon make someone around me...'
[MISS-CLOSE] Ratio: 0.50 | Line: 'you know that they aint even got it like that' | Frag: 'when they get my shit and play...'
[MISS-CLOSE] Ratio: 0.40 | Line: 'you know that they aint even got it like that' | Frag: 'that new shit that you got is ...'
[MISS-CLOSE] Ratio: 0.40 | Line: 'you know that they aint even got it like that' | Frag: 'cause i live for this it isnt ...'
[MATCH-FUZZY] (0.72) 'you gon hype me up and make me catch a body like that' ~= 'you gon make someone around me...'
[MISS-CLOSE] Ratio: 0.33 | Line: 'cause i live for this it isnt just a hobby like that' | Frag: 'tuck my napkin in my shirt cau...'
[MISS-CLOSE] Ratio: 0.33 | Line: 'cause i live for this it isnt just a hobby like that' | Frag: 'i just take my time with all t...'
[MISS-CLOSE] Ratio: 0.33 | Line: 'cause i live for this it isnt just a hobby like that' | Frag: 'and they sayin im back id agre...'
[MATCH-SUB] 'cause i live for this it isnt just a hobby like that' == 'cause i live for this it isnt ...'
[MATCH-SUB] 'when they get my shit and play it' == 'when they get my shit and play...'
[MATCH-SUB] 'i aint even gotta say it they know' == 'when they get my shit and play...'
[MATCH-SUB] 'they know they know they know' == 'they know they know they know...'
[MATCH-SUB] 'they know they know they know' == 'they know they know they know...'
[MATCH-SUB] 'they know they know they know' == 'they know they know they know...'
[MATCH-SUBSET] (0.67) 'yeah they know' in 'they know they know they know...'
[MISS-CLOSE] Ratio: 0.40 | Line: 'now its somethin they know' | Frag: 'they know they know they know...'
[MISS-CLOSE] Ratio: 0.40 | Line: 'now its somethin they know' | Frag: 'they know they know they know...'
[MISS-CLOSE] Ratio: 0.40 | Line: 'now its somethin they know' | Frag: 'they know they know they know...'
[MISS-CLOSE] Ratio: 0.40 | Line: 'now its somethin they know' | Frag: 'yeah they know yeah...'
[MISS-CLOSE] Ratio: 0.40 | Line: 'now its somethin they know' | Frag: 'they know they know they know ...'
[MISS-CLOSE] Ratio: 0.40 | Line: 'now its somethin they know' | Frag: 'when they get my shit and play...'
[MATCH-SUB] 'they know they know they know' == 'they know they know they know...'
[MISS-CLOSE] Ratio: 0.50 | Line: 'tell em i apologize' | Frag: 'i had someone tell me i fell o...'
[MISS-CLOSE] Ratio: 0.33 | Line: 'it happened over time time timetime' | Frag: 'i just take my time with all t...'
[MISS-CLOSE] Ratio: 0.33 | Line: 'it happened over time time timetime' | Frag: 'and they sayin im back id agre...'
[MATCH-SUB] 'they know' == 'they know they know they know...'
[MATCH-SUB] 'they know they know they know' == 'they know they know they know...'
[MATCH-SUB] 'they know they know they know' == 'they know they know they know...'
[MATCH-SUB] 'they know they know they know' == 'they know they know they know...'
[MATCH-FUZZY] (0.58) 'yeah yeah yeah yeah' ~= 'yeah they know yeah...'
--- New Annotation Batch (Size: 11) ---
[MATCH-SUB] 'ive been tryna call' == 'ive been tryna call...'
[MATCH-SUB] 'ive been on my own for long enough' == 'ive been on my own for long en...'
[MATCH-SUB] 'maybe you can show me how to love maybe' == 'maybe you can show me how to l...'
[MATCH-SUB] 'im goin through withdrawals' == 'im goin through withdrawals...'
[MATCH-SUB] 'you dont even have to do too much' == 'you dont even have to do too m...'
[MATCH-SUB] 'you can turn me on with just a touch baby' == 'you can turn me on with just a...'
[MATCH-SUB] 'i look around and' == 'i look around and...'
[MATCH-SUB] 'sin citys cold and empty oh' == 'sin citys cold and empty oh...'
[MATCH-SUB] 'no ones around to judge me oh' == 'no ones around to judge me oh...'
[MISS-CLOSE] Ratio: 0.43 | Line: 'i cant see clearly when youre gone' | Frag: 'oh when im like this youre the...'
[MATCH-SUBSET] (0.57) 'i cant see clearly when youre gone' in 'i said ooh im blinded by the l...'
[MISS-CLOSE] Ratio: 0.38 | Line: 'i said ooh im blinded by the lights' | Frag: 'im running out of time cause i...'
[MATCH-SUB] 'i said ooh im blinded by the lights' == 'i said ooh im blinded by the l...'
[MATCH-SUB] 'no i cant sleep until i feel your touch' == 'no i cant sleep until i feel y...'
[MISS-CLOSE] Ratio: 0.38 | Line: 'i said ooh im drowning in the night' | Frag: 'im running out of time cause i...'
[MISS-CLOSE] Ratio: 0.38 | Line: 'i said ooh im drowning in the night' | Frag: 'so i hit the road in overdrive...'
[MATCH-FUZZY] (0.74) 'i said ooh im drowning in the night' ~= 'i said ooh im blinded by the l...'
[MATCH-SUB] 'oh when im like this youre the one i trust' == 'oh when im like this youre the...'
[MATCH-SUB] 'hey hey hey' == 'hey hey hey...'
[MATCH-SUB] 'im running out of time' == 'im running out of time...'
[MATCH-SUB] 'cause i can see the sun light up the sky' == 'cause i can see the sun light ...'
[MATCH-SUB] 'so i hit the road in overdrive baby oh' == 'so i hit the road in overdrive...'
[MISS-CLOSE] Ratio: 0.33 | Line: 'the citys cold and empty oh' | Frag: 'so i hit the road in overdrive...'
[MISS-CLOSE] Ratio: 0.33 | Line: 'the citys cold and empty oh' | Frag: 'oh when im like this youre the...'
[MISS-CLOSE] Ratio: 0.33 | Line: 'the citys cold and empty oh' | Frag: 'i said ooh im blinded by the l...'
[MATCH-FUZZY] (0.89) 'the citys cold and empty oh' ~= 'sin citys cold and empty oh...'
[MATCH-SUB] 'no ones around to judge me oh' == 'no ones around to judge me oh...'
[MISS-CLOSE] Ratio: 0.43 | Line: 'i cant see clearly when youre gone' | Frag: 'oh when im like this youre the...'
[MATCH-SUBSET] (0.57) 'i cant see clearly when youre gone' in 'i said ooh im blinded by the l...'
[MISS-CLOSE] Ratio: 0.38 | Line: 'i said ooh im blinded by the lights' | Frag: 'im running out of time cause i...'
[MATCH-SUB] 'i said ooh im blinded by the lights' == 'i said ooh im blinded by the l...'
[MATCH-SUB] 'no i cant sleep until i feel your touch' == 'no i cant sleep until i feel y...'
[MISS-CLOSE] Ratio: 0.38 | Line: 'i said ooh im drowning in the night' | Frag: 'im running out of time cause i...'
[MISS-CLOSE] Ratio: 0.38 | Line: 'i said ooh im drowning in the night' | Frag: 'so i hit the road in overdrive...'
[MATCH-FUZZY] (0.74) 'i said ooh im drowning in the night' ~= 'i said ooh im blinded by the l...'
[MATCH-SUB] 'oh when im like this youre the one i trust' == 'oh when im like this youre the...'
[MISS-CLOSE] Ratio: 0.31 | Line: 'im just walking by to let you know by to let you know' | Frag: 'maybe you can show me how to l...'
[MISS-CLOSE] Ratio: 0.31 | Line: 'im just walking by to let you know by to let you know' | Frag: 'you dont even have to do too m...'
[MATCH-FUZZY] (0.86) 'im just walking by to let you know by to let you know' ~= 'im just coming back to let you...'
[MATCH-SUB] 'i could never say it on the phone say it on the phone' == 'i could never say it on the ph...'
[MATCH-SUB] 'will never let you go this time ooh' == 'will never let you go this tim...'
[MISS-CLOSE] Ratio: 0.38 | Line: 'i said ooh im blinded by the lights' | Frag: 'im running out of time cause i...'
[MATCH-SUB] 'i said ooh im blinded by the lights' == 'i said ooh im blinded by the l...'
[MATCH-SUB] 'no i cant sleep until i feel your touch' == 'no i cant sleep until i feel y...'
[MATCH-SUB] 'hey hey hey' == 'hey hey hey...'
[MATCH-SUB] 'hey hey hey' == 'hey hey hey...'
[MISS-CLOSE] Ratio: 0.38 | Line: 'i said ooh im blinded by the lights' | Frag: 'im running out of time cause i...'
[MATCH-SUB] 'i said ooh im blinded by the lights' == 'i said ooh im blinded by the l...'
[MATCH-SUB] 'no i cant sleep until i feel your touch' == 'no i cant sleep until i feel y...'
